SF:lib/core/error/exception.dart
DA:4,1
DA:9,0
DA:15,1
DA:20,1
LF:4
LH:3
end_of_record
SF:lib/features/profile/data/datasources/profile_remote_datasource.dart
DA:15,1
DA:16,1
DA:19,2
DA:20,2
DA:22,2
DA:23,2
DA:24,1
DA:25,2
DA:26,1
DA:27,2
DA:28,1
DA:30,1
DA:34,1
DA:37,2
DA:38,2
DA:40,2
DA:41,2
DA:42,1
DA:43,1
DA:44,2
DA:45,1
DA:47,1
LF:22
LH:22
end_of_record
SF:lib/features/profile/data/models/profile_model.dart
DA:8,1
DA:14,2
DA:17,1
DA:18,1
DA:19,1
DA:20,1
DA:21,1
DA:22,1
DA:23,1
DA:28,0
DA:29,0
DA:30,0
DA:31,0
DA:32,0
DA:33,0
DA:34,0
DA:39,1
DA:40,1
DA:41,4
LF:19
LH:12
end_of_record
SF:lib/features/profile/domain/entities/profile.dart
DA:9,1
DA:16,1
DA:17,5
LF:3
LH:3
end_of_record
